0x01bbec6573ed7eca0f307a10d2b4ceb669816b4a SSP>>FN
0x01f0634272eca6c152a3be0eaf385bbdc5a49dc0 SSP>>FN
0x0267ee183beebdb7f931afe41e4e25352195b871 SSP>>FN
0x0267ee183beebdb7f931afe41e4e25352195b871 STP>>FN
0x039331f0daf060703958fda674534c975e154885 SSP>>FN
0x06d5697043f8e611807b221e74f08a28bb4e6e13 SSP>>FN
0x07cede39f98e7ba4b8fe0728c0689985860414df SSP>>FN
0x08a9683c51b55cb756452bdd38f395bc92295cff STP>>FP
0x0a1524bfbb8905de0a3b15bdf8d678e7fb9c8c68 SSP>>FN
0x0a1524bfbb8905de0a3b15bdf8d678e7fb9c8c68 SP>>FN
0x0dae0a0d130f053fe4bbbec4927539e5f06d2684 STP>>FP
0x0e3de3b0e3d617fd8d1d8088639ba877feb4d742 SSP>>FN
0x0e3de3b0e3d617fd8d1d8088639ba877feb4d742 STP>>FN
0x0e73754a21442d1bd8f945669ac4aae0cd2b0934 SSP>>FN
0x0e9186d1d0c7aa2212e3f42405eda1bc35d826a9 STP>>FN
0x108116d36907223e13ba244b5bde5893cd5e730b SSP>>FN
0x14ad96506f7d714679788372efb8602238d76375 SP>>FN
0x157462ba1a889937ecf53d678e665964aa1c88db SSP>>FN
0x16b0a1a87ae8af5c792fabc429c4fe248834842b SSP>>FN
0x1755711268a9f07f46369714bbb7c4d7ea14231d SSP>>FN
0x1d2b42b3531fad9e544dd4288b788cacc898d555 TS>>FP
0x1e7b7f330da785ef66e33503fd93380137a9be7b SSP>>FN
0x1e85407e080a5e6d20a3a95fcdddfc32146fc8e5 SSP>>FN
0x2131ad63ea656fdf97e66ad35acd6909a6f7050a SSP>>FN
0x2131ad63ea656fdf97e66ad35acd6909a6f7050a STP>>FN
0x0a5155ad298ccfd1610a00ed75457eb2d8b0c701 TS>>FN
0x19b10788d9e048d8f2e63890fca5c0b518fd325b TS>>FN
0x229f07c5df0d19919185dd08b61dd9a26151ddfe TS>>FN
0x2abf00b596f4cb10384654dcd76253b3140d35ff TS>>FN
0x4eb3ce14fda3a874ecad0e9ad988258c827bae82 TS>>FN
0x4eb3ce14fda3a874ecad0e9ad988258c827bae82 STP>>FN
0x5182618e956deea92fad51de09a4db32e3978f9d TS>>FN
0x21d83b0c82e6735061a1f80efe5b7cc3dc112912 SSP>>FN
0x22622d0c254ad9b6046911a744b0bdf815aabe26 SSP>>FN
0x234da73f6c033848d98c263d1f340f4a861c98a0 STP>>FP
0x2574fdf440f80065e8ba2214de56ddb3ed5d667e SSP>>FN
0x26d13bc704eeac5302ee27751d7873562d215a91 SSP>>FN
0x2e2e0b2ef981b0e3e5602128f0d520293ba7f338 SSP>>FN
0x2ec3fea4b59b6c0c32fb7442590f6abb9926a34c SSP>>FN
0x310e33962f5f64db7884c6b33103f442698d4d6a SSP>>FN
0x341f9c6c60c07fd11ef0bbc93586a2b9d68bfcf0 STP>>FP
0x35d76c3db8e826907d2a977500b54b3914ecc020 STP>>FP
0x3735dff4ac21ee1a2cdd17f9adc3f519fade202d SSP>>FN
0x3dfaf3a340168a4552ab1937ea9527aae47c5ea1 SSP>>FN
0x3dfaf3a340168a4552ab1937ea9527aae47c5ea1 SP>>FN
0x405207beb564422f44e90bf1966dadb447c65081 SSP>>FN
0x413d497a3c80185a399df5a9f788948d1a505b80 SSP>>FN
0x413d497a3c80185a399df5a9f788948d1a505b80 STP>>FP
0x43fcf330c317a07c0edc4eff3681f92af6283325 SSP>>FN
0x45806bfec7db29d5009c287ec964cc4a12308f9d STP>>FP
0x66170cee8e3f262ae9a77288a3b99e7c19a60cef TS>>FN
0x77146c8fa21cbc8602f8fe75fa03df04e8889609 TS>>FN
0x05f49e3e0a27efa05d60c19cd8f0ecc951d3717e TS>>FN
0x4ab4710b12409af36472d1ca43d48b4c82919328 STP>>FP
0x4b3a32dd76ec46a91474d5c08c3904f7cde6d7d5 SSP>>FN
0x4b3a32dd76ec46a91474d5c08c3904f7cde6d7d5 STP>>FN
0x4b96bf1fef93a216914fc843d81207a027ce52b3 SSP>>FN
0x4ca68c8ecb94acbc736bcb4119fd76aa5170b226 SSP>>FN
0x4ca68c8ecb94acbc736bcb4119fd76aa5170b226 SP>>FN
0x4d807509aece24c0fa5a102b6a3b059ec6e14392 STP>>FP
0x4dc868d79611c2bdca51dee62873eb3a31423b47 STP>>FN
0x5156e901a673049011500022be70f8d50bf8e4a1 SSP>>FN
0x54c2d2d4d8b34178548a8b22e55de1a16912fc41 STP>>FP
0x574bcd8e994dba2e3a90d95cec585e3ca204404d SSP>>FN
0x574bcd8e994dba2e3a90d95cec585e3ca204404d STP>>FN
0x5cc9f6238fa41ebd6af96279f44f27564fbfd9a2 STP>>FP
0x602bdbfaf76bd93250e4e846ce436e9c3bd17cd4 SSP>>FN
0x63d00d500956b564c03a3663362a793ed9a1ec51 STP>>FP
0x69a50b4989e00c1278a3135f60b4ccb49a97c465 SSP>>FN
0x6b21d79987d97bd653de52b407f0121bfb07d414 SSP>>FN
0x6b21d79987d97bd653de52b407f0121bfb07d414 STP>>FN
0x77070dd59c298d766585de4b5ec2b4549ab28ecc SP>>FN
0x79186ba0fc6fa49fd9db2f0ba34f36f8c24489c7 SSP>>FN
0x79186ba0fc6fa49fd9db2f0ba34f36f8c24489c7 SP>>FN
0x79c35f96604665f505b63cfeda725bee4d435c4e STP>>FP
0x7ae79d424b81081990870ce6c606ca762db67676 SSP>>FN
0x7d10b16dd1f9e0df45976d402879fb496c114936 STP>>FP
0x810d737b31ea76722b48a13dfed7ae23908cbe78 TS>>FN
0x8193c3c4cdb3472cfc484445b439412af1974ec7 STP>>FP
0x838df5c03147f0b038c24b18af5bb5dee1ffd446 SSP>>FN
0x886882cd4fee63568e9baee675c5adc1dd0f36dd SSP>>FN
0x8f4d305a521a45b72b44cf96740f87a634e85143 STP>>FP
0x914774d266f39100b56c53c0563c3792f9403e0c SSP>>FN
0x92c513b5234b0b4fef431300db44133c5f26109f STP>>FP
0x956d760f8665358ea1a9f11b82913020e5479376 SSP>>FN
0x96ac6dbfefb88e7d4097eda4fa228b08532fec87 STP>>FP
0x97a3afedb51931a66ae86811de981e80082af56d TS>>FN
0x981930b9c44fc164084491ad3e1c8568ba3b0fb6 SSP>>FN
0x981930b9c44fc164084491ad3e1c8568ba3b0fb6 STP>>FN
0x9948c2e8efd59b8cce03d4fdd6256581dc37004a SSP>>FN
0x9fa58ca1b7f8367b95bbb825aca0b25fb75ad377 SSP>>FN
0xa358c1a7380cc4ac584768cd51383c663ecc35a6 SSP>>FN
0xa703ae15669aded2e89d598f7d63db9ecc413901 SSP>>FN
0xa8aa8ca08fb065c5b619db05c92d91b05688744c STP>>FP
0xab24cd33766da327ecd4ec9e46e2e7ba72cda783 STP>>FP
0xac577ecf648d8b30b758bd9cc0e1e91ca2aa1dab SSP>>FN
0xac65447589555ec19cbafc5cec717318ec811874 STP>>FP
0xae5e58aed25dd4ac35318aaba363c0b1f0fc8996 STP>>FP
0xb06451f5280ffef60df9d0c867a6663285d68b22 SP>>FN
0xb44a823579aa618b96d6f20a3330901e85f96f73 TS>>FN
0xb44a823579aa618b96d6f20a3330901e85f96f73 SSP>>FP
0xb82decbeb38fa165d787594f38aa25e4ca00124f SSP>>FN
0xbe1b06a4268f7b523b0e7b986d91f2d4a2572b52 SSP>>FN
0xbe1b06a4268f7b523b0e7b986d91f2d4a2572b52 STP>>FN
0xbff33053815b79f2ad3b6e77f1fd5017a5f4013c SSP>>FN
0xc03ab1fc46c6d01238707426c929e9eed3e7f9b3 STP>>FP
0xc6c109003d0cee412ef1fe652761e6cfa2453606 SSP>>FN
0xc8e072145f8aa3507a291141beae1109070a6fb8 SSP>>FN
0xc8e072145f8aa3507a291141beae1109070a6fb8 STP>>FN
0xc9f1ef4613ac54f86250cf22bfc2edc9374d9157 TS>>FN
0xc9f1ef4613ac54f86250cf22bfc2edc9374d9157 SSP>>FN
0xca28d2e8e77aa06e8846d9d4e3f5e34c32397c78 SSP>>FN
0xca28d2e8e77aa06e8846d9d4e3f5e34c32397c78 SP>>FN
0xcb932640a448b264fdbcfe81d6c34a2887f89f15 STP>>FP
0xce23395cebe802ae6d397d06d35eb250b907ff2d STP>>FP
0xce5c603c78d047ef43032e96b5b785324f753a4f SP>>FN
0xd0f7d665996b745b2399a127d5d84dacd42d251f SSP>>FN
0xd7c05d4015599b33d8225a69f14cd561f27177eb SSP>>FN
0xd7c05d4015599b33d8225a69f14cd561f27177eb SP>>FN
0xd939cdb6b110c96b1758adab5cab1e836ddbdd2b TS>>FN
0xdb16bcba0183a54ecc787458a975fe2c56ce2889 SSP>>FN
0xddabca696af8608452b3451b7d70fff57d0ca3e7 STP>>FP
0xddbb8546b50a94d961fe38f1518ce366cac322ea SSP>>FN
0xde6ba48c830cb48c3521633e71d79c1a16f7c068 STP>>FP
0xe4ef6df2c125b61e7dba539734d84f31d52dddfe SSP>>FN
0xe7a232cd72ec8cb1ce74a24cf1b2c3fb4b614072 SSP>>FN
0xe8a8a7a8f041fa5a2ee5e7181bf1b2c96a415683 SSP>>FN
0xea42ea8f6ad836d7ceda84d1ddebcbc685c0142c SSP>>FN
0xead7adf1bf0df9f03b15429d82ea1f70ebd619f1 STP>>FP
0xedfd2ef74346d601d084fbac5ff59cb05c43250e SSP>>FN
0xf20e8eb78a8103c803d9f648704dfa1b8eab5782 SSP>>FN
0xf3e70642c28f3f707408c56624c2f30ea9f9fce3 SSP>>FN
0xf611e7d03233253c2ac00bda5875554276b85194 STP>>FP
0xf63be66128e2c3f199e59bf870655ca2ad0b20aa STP>>FP
0xfd1db05574d71c5a536dffa9787b0a74ef4a349e TS>>FN
0xfd1db05574d71c5a536dffa9787b0a74ef4a349e SSP>>FN
0xfd1db05574d71c5a536dffa9787b0a74ef4a349e STP>>FN
0x0faa28da415abdda123233a00b7cc7f8c56445b1 STP>>FP
0x37abeac8c47c2e806ff98d9ffef9e945f96699e7 SSP>>FP
0x41f28833be34e6ede3c58d1f597bef429861c4e2 STP>>FP
0x45d3ce9da80d2331627d8a87ae4f225320bbe30b SSP>>FP
0x04a4b43352a78294bc7b6d520450825ac639ea21 SSP>>FN
0x04a4b43352a78294bc7b6d520450825ac639ea21 STP>>FN
0x04a4b43352a78294bc7b6d520450825ac639ea21 SP>>FN
0x06f0b31fa75d6a4f689fa0f4225f1811ae4a7e7d STP>>FP
0x0a5e34ab31a1e589b470e7deeab7bf8b38a1d8d3 STP>>FP
0x0c15d535f8c21d6f3a03dd46ae23a07e5d897c80 SSP>>FN
0x0c8c7564bb15a6764f093312682bf4cdfb6e9994 SSP>>FN
0x0f044c7c1d3d438ca10b7a3d0036b5d0f997601c SSP>>FN
0x111111150b873d4bc367c41f39325c01a7263ac5 STP>>FN
0x1271a93e5bea009455da9c0146be98e50eef1536 STP>>FP
0x12c3fd59b13d1735bdd96d1a1b7a8bc4d7802d54 TS>>FN
0x12c3fd59b13d1735bdd96d1a1b7a8bc4d7802d54 STP>>FN
0x13f1b7fdfbe1fc66676d56483e21b1ecb40b58e2 SSP>>FN
0x14befec5d161aa47ec7dec57d2fb622990148a17 SSP>>FN
0x17ef9b525a132470f0dc903a55f8c6d45f2285f6 SP>>FN
0x195ef6697115f7fd41d94388ddce6f3158602475 SSP>>FN
0x195ef6697115f7fd41d94388ddce6f3158602475 STP>>FP
0x1ee6b9d7c9f15ae6e0177273594612448cfeb750 SSP>>FN
0x1ee6b9d7c9f15ae6e0177273594612448cfeb750 STP>>FN
0x2066a2e0cd7f19589f582e2fc9af9669cc9e02f1 SSP>>FN
0x2066a2e0cd7f19589f582e2fc9af9669cc9e02f1 SP>>FN
0x215a427c5f35c375525ecafa37c05d4b3ec9b573 SSP>>FN
0x2237fbe2ae5e36d8d862330aa3c6cf262f7319d6 STP>>FP
0x24030d85201e5b550b9cd1230c0c2d6cfd146382 SSP>>FN
0x2a55362fe148339820bbd06924846ca4596936c5 SSP>>FN
0x2a55362fe148339820bbd06924846ca4596936c5 STP>>FN
0x2bdcd9ae2be26d3324ef75bcf64b3cc246302754 SSP>>FN
0x2bdcd9ae2be26d3324ef75bcf64b3cc246302754 STP>>FN
0x2bdcd9ae2be26d3324ef75bcf64b3cc246302754 SP>>FN
0x2c70003b49761d1d58d09ac74f26a250088a6b7a STP>>FP
0x2dd09c71d951148bba0f25be7f76ba401fe8ef84 STP>>FP
0x2e20a8d056fe817a9f37cc40e7ee46920b39c0d0 SP>>FN
0x330af5ff0b2f883c86de0ec09f3456d686bdc93e SSP>>FN
0x3363e360c565b43dad7cd468f63fa27b74932b15 STP>>FP
0x34737a1ed7508ca6bda6747825c901831f3cd8c0 STP>>FP
0x348a50d048ae187447c01bd19d28a21ab20dfaf4 SSP>>FN
0x34b4b86ce533fdd5531a2350236c3f348fabce20 SSP>>FN
0x34d1857175eb5693bbee49c214e2cd44b2f3058c STP>>FP
0x36fc40e49210b3b10b7ee9193f92c36b9b8780a7 STP>>FP
0x37cd4a8485a4fcf11b0248b8c22533d078b9e643 SSP>>FN
0x39feffe63ff27f277b4d3fbd03064d479b5a85f1 SSP>>FN
0x3a859b9ea4998d344547283c7ce8ebc4abb77656 SSP>>FN
0x3de5e73e975e0b99ca920f422f31f234150f31c6 STP>>FP
0x3f0f4710024b4f6a4ecf47831a27465e778caf27 SSP>>FN
0x40658db197bddea6a51cb576fe975ca488ab3693 TS>>FN
0x40658db197bddea6a51cb576fe975ca488ab3693 STP>>FN
0x4177e5c07b209fdca95a6eade13bae4ddc6e543f STP>>FN
0x43cbf36cfd19b821c7ab5074a4928bb2ebe5c748 STP>>FP
0x44d650c39a38c655bf938d2a747a5eca5fb0cb8d SSP>>FN
0x44d650c39a38c655bf938d2a747a5eca5fb0cb8d STP>>FN
0x4574c929ffbba0b60a8008246bcd95fa78ae70b1 SSP>>FN
0x4c9de52c6e4832fabf2fd8b8330941f695f07335 SSP>>FN
0x519c03604242bc100655acb62a9d44261275257f SSP>>FN
0x52ae2b53c847327f95a5084a7c38c0adb12fd302 SSP>>FN
0x5445c6027129edc7677834dc7f3f5e1f00141d2d SSP>>FN
0x5445c6027129edc7677834dc7f3f5e1f00141d2d STP>>FN
0x549088febbbadd584ab37d4a1f392a4619fd0f55 SSP>>FN
0x58870bcbc4b0001d99ecc84adf8736d6193b8af6 STP>>FP
0x5983f1eb0508190e821e380a8ed273725f5d927c STP>>FP
0x5c0bd5d00588a4f004ce0d92958c96264026f7be STP>>FP
0x5c751a3a3375a97463a4b5f000c3f700802e903a SSP>>FN
0x5c751a3a3375a97463a4b5f000c3f700802e903a SP>>FN
0x5d48f293baed247a2d0189058ba37aa238bd4725 SSP>>FN
0x60538f00263cc5ad2e02b7834aadf9bdd9f42831 SSP>>FN
0x62ebdecc5545882203b3d9236fa782aea2295f39 SSP>>FN
0x62ebdecc5545882203b3d9236fa782aea2295f39 STP>>FN
0x69fd0e5d0a93bf8bac02c154d343a8e3709adabf STP>>FP
0x6a7566b5d088e424124f96f7fd7ff7a8c3c305ae STP>>FP
0x6bf09313c859c30b4fd29b56130be3e3e5fb56f8 TS>>FN
0x6bf28c1e633649111678fff4cc5054192849fb7c SSP>>FN
0x6cb2b8dc6a508c9a21db9683d1a729715969a6ee SSP>>FN
0x6cb2b8dc6a508c9a21db9683d1a729715969a6ee STP>>FN
0x6cb2b8dc6a508c9a21db9683d1a729715969a6ee SP>>FN
0x6f3797d53b475e7e15c2318c01b8a2a68351b914 SSP>>FN
0x6f3797d53b475e7e15c2318c01b8a2a68351b914 SP>>FN
0x7007e73703061ad273e37d14f43f9d9d32b5a493 STP>>FP
0x70c4eea814bee9b74cafeca0200991bb0d8a4320 SSP>>FN
0x714c1ef3854591d4118bd6887d4740bc4d5f5412 SSP>>FN
0x8105cac7ae60fa550c58dfd1999ea7c34827802c SSP>>FN
0x819dc78e14d7a3c3830e9f583154278b28893eb9 STP>>FP
0x839e78cf4b2d6c6bc80d679eb95d072a0358d5b3 STP>>FP
0x83df9b1d885739561d515ec515926b2324e445a9 SSP>>FN
0x83df9b1d885739561d515ec515926b2324e445a9 STP>>FP
0x88bbba8c17fafd395c47b95e5a53c7162dc576c6 SSP>>FN
0x89dd662cc0651a6f3631a617724525f2ff373b1e STP>>FP
0x8c161e726e783760f5ab709fcd0d07c74cbce59a SSP>>FN
0x8f83ccd2c7627cae5b24cdbeb72a4c35e01f2712 SSP>>FN
0x8ff2d14b1ffce0f788ada036f27fa33f28ca2832 SSP>>FN
0x903ef43696f708fd1ea6e7d62259025050e241ba SSP>>FN
0x9259b4e90c5980ad2cb16d685254c859f5eddde5 SSP>>FN
0x92cb5f1fbabbcbdd891b9cbd8e9a056c8c1eebef STP>>FP
0x99ec7487b91800287e2150fcbca5fd1f87a8d076 SSP>>FN
0x99ec7487b91800287e2150fcbca5fd1f87a8d076 STP>>FN
0x9b0f6a5a667cb92af0cd15dbe90e764e32f69e77 TS>>FN
0x9b0f6a5a667cb92af0cd15dbe90e764e32f69e77 SSP>>FN
0x9b0f6a5a667cb92af0cd15dbe90e764e32f69e77 STP>>FN
0x9c83be5fe4e276ffd5b3620fe9beaff56ca3f062 SSP>>FN
0x9ed04a9cde3222ffca0ed2e3c9cb3eb1aa4897e2 SSP>>FN
0x9f6e483ca730907583de27ad30596448a562b362 TS>>FN
0xa1e4608ff6b4b9324c6472eee2efebd20a20bbe8 STP>>FP
0xa42868496e6b98d655e4a820801d8df8f4abe2b3 SSP>>FN
0xa52f2e64a0bb1e52524b2c1daca6aac1c0ec5dc3 STP>>FP
0xa5629861c9c345f50221996ef852fd9665eb1c05 SSP>>FN
0xa5629861c9c345f50221996ef852fd9665eb1c05 STP>>FN
0xa604cedf3e657a5750cdcb335f40f4da100cad1a STP>>FP
0xa840ca8eb4e296d27b1bd470b52ef127e68fe983 SSP>>FN
0xaa15347dc0ef86a1d396ed091f0d223295395ec7 SP>>FN
0xad4f92836103d5957cffe33a83a4f99591a7c844 SSP>>FN
0xadb4d8c11c885c35ad13c0edd8092fa4d6e5d759 SSP>>FN
0xaf12b1b76202fdfd9e584e2e4e230250e8eb8494 SSP>>FN
0xb13f155d788de3e8bdd64a354c052dbf9adcdbad SSP>>FN
0xb2236d432dcccd693d53ee3fb57ac506087bd831 SSP>>FN
0xb33812b316e0c454039a3b48d09dfe97d11683cc TS>>FN
0xb42a742fd4bf8fad8399541f48133bbd10845a83 SSP>>FN
0xb53613fa4ad09f00e41a91b7dfdfa3e98c76f4c0 SSP>>FN
0xb5f6bfaedbdb6f3e277f3a7900f3203d3d5f70ef STP>>FP
0xb64e6bef349a0d3e8571ac80b5ec522b417faeb6 TS>>FN
0xb64e6bef349a0d3e8571ac80b5ec522b417faeb6 SSP>>FN
0xb67f51329e1d7c7b9bd85bad943b035ce96fb1ac STP>>FP
0xb8d0c280183f274101183d4c0a6057087b43baa8 SSP>>FN
0xbba67b58cb5059f388cae3d7597ebac6cb70dfe6 SSP>>FN
0xbcb03c4b10f04e568abf88df136f579038dd0ef1 STP>>FN
0xbd38a0ed105d25fb617c3d52882f881620e430bc SSP>>FN
0xbd38a0ed105d25fb617c3d52882f881620e430bc STP>>FP
0xbfeb619aab767ab34d5eb823de7ac56fbca7322d SSP>>FN
0xc2bb52457d81fbd223cc92b44cd372d36b338a10 TS>>FN
0xc2bb52457d81fbd223cc92b44cd372d36b338a10 SSP>>FN
0xc2ecd9079ca6409ea705eb5c1a1ee70a840a4a9a SSP>>FN
0xc48dce601d09796b554fda45a1d28488f4aa3731 STP>>FP
0xc6a446ca27a1f3f80cfc1c0e14fa12a943aa3974 SSP>>FN
0xc6a446ca27a1f3f80cfc1c0e14fa12a943aa3974 STP>>FN
0xc939a768bca271e0c69c2c530a8c20dc1cfb60be STP>>FP
0xcca36039cfdd0753d3aa9f1b4bf35b606c8ed971 STP>>FP
0xd88e4822687d0f9c73e296296ed3ecd0a193dd46 SSP>>FN
0xdfe3662f696af844ae9c578196f15bce19aafee4 SSP>>FN
error  Epiphany
0xe1c00a2944b2155b66a7de490c10c69e564869fd SSP>>FN
0xe29b464f081f615a7fa065d318302e748cf62405 SSP>>FN
0xe29b464f081f615a7fa065d318302e748cf62405 STP>>FN
0xe34e0c5c075e380161ce08ba69dc7960e041d10b SSP>>FN
0xe46340f794e95775a41d40d5031bb716f99120b3 STP>>FP
0xe5c53c274d343d4133a3e66fb605864115a129b3 SSP>>FN
0xe98b6f148a32437abb65a1348c487644773a7ab9 SSP>>FN
0xec41cdb6ca4910486d875a2cf1fac1159d1b2bdf STP>>FP
0xed973527645324ed6c649f92c3b5d7c01d42fb60 SSP>>FN
0xf4b6f3e6b24ae14f77b7855c3b5cfaa66e1f67f3 SSP>>FN
0xf4c3a48f27666ef8bedab8d73c0117e1aeaf1ba0 SSP>>FN
0xf4dfe5e127df0986b2ba2cc15e173eaec507713a SSP>>FN
0xf5b72a62d7575f3a03954d4d7de2a2701da16049 SSP>>FP
0xf902b3a6daee738ef7d165d8d38a7edb1336fbfe STP>>FP
0xf92fce194846789795acd18877b6921206e1cd7d SSP>>FN
0xfac73a67cd6520ccc8e44cd865022a2c07b9f1ab STP>>FP
0xfcc5b18f1f51956e0abb411e7b86c76586ab4ef9 SSP>>FN
0xfcc74ab9a02d55b9b1d0c378547a6bcfad7597c9 TS>>FN
0xfec14e1ac20bb83f0a854d040da785ed77c25375 SSP>>FN
0xfeeaa876202f6621b4330de6b39e4743dfe9e7da SSP>>FN
