TEFoodsCrowdsale SSP>>FN
OMToken SSP>>FN
BulleonCrowdsale SSP>>FN
BulleonCrowdsale STP>>FN
TheBeardToken SSP>>FN
KaasyToken SSP>>FN
FlatPricingExt SSP>>FN
CBCreatureStorage STP>>FP
JesusCoin SSP>>FN
JesusCoin SP>>FN
PrymexPreICOCrowdsale STP>>FP
IceRockPay SSP>>FN
IceRockPay STP>>FN
FiinuToken SSP>>FN
DailyDraw STP>>FN
JubsICO SSP>>FN
AENCrowdsale SP>>FN
Crowdsale SSP>>FN
AlgoryToken SSP>>FN
communityToken SSP>>FN
MintableToken SSP>>FN
SafeHavenToken SSP>>FN
MintedTokenCappedCrowdsaleExt SSP>>FN
MintedTokenCappedCrowdsaleExt STP>>FN
Oasis TS>>FN
Getether TS>>FN
CryptoTrader TS>>FN
CentraSale TS>>FN
Wallet TS>>FN
DepositBank TS>>FN
DepositBank STP>>FN
CentraSale TS>>FN
ROBUtilityToken SSP>>FN
MintedTokenCappedCrowdsaleExt SSP>>FN
LockedInToken STP>>FP
LUSDt SSP>>FN
TokenMacroansyPower SSP>>FN
SInv SSP>>FN
INMToken SSP>>FN
WCT2 SSP>>FN
VINContract STP>>FP
EladCrowdsale STP>>FP
FlatPricingExt SSP>>FN
StopIcoCoin SSP>>FN
StopIcoCoin SP>>FN
DataAuction SSP>>FN
StandardConverterExtensions SSP>>FN
StandardConverterExtensions STP>>FP
DigitalThothToken SSP>>FN
Configurator STP>>FP
RegDocuments TS>>FN
SmartLotto TS>>FN
Etherhero TS>>FN
Crowdsale STP>>FP
MintedTokenCappedCrowdsaleExt SSP>>FN
MintedTokenCappedCrowdsaleExt STP>>FN
VUULRToken SSP>>FN
StupidCoin SSP>>FN
StupidCoin SP>>FN
MenloToken STP>>FP
DecentralandBuyer STP>>FN
DayDayCrowdsale SSP>>FN
Crowdsale STP>>FP
HorseyToken SSP>>FN
HorseyToken STP>>FN
Token STP>>FP
MintedTokenCappedCrowdsaleExt SSP>>FN
CSportsLeagueRoster STP>>FP
GridcubePlatformToken SSP>>FN
McFlyCrowdsale SSP>>FN
McFlyCrowdsale STP>>FN
SealPrivateCrowdsale SP>>FN
Token SSP>>FN
Token SP>>FN
PrivateSaleBCO STP>>FP
PreICOProxyBuyer SSP>>FN
AidCoinIco STP>>FP
SampleCrowdsaleToken TS>>FN
Cryptopus STP>>FP
Edgecoin SSP>>FN
MintedTokenCappedCrowdsaleExt SSP>>FN
SpaceWar STP>>FP
PreICOProxyBuyer SSP>>FN
Crowdsale STP>>FP
ZDRToken SSP>>FN
POKsToken STP>>FP
SaleClockAuction TS>>FN
GameICO SSP>>FN
GameICO STP>>FN
PreICOProxyBuyer SSP>>FN
HyperTechnology SSP>>FN
dazoToken SSP>>FN
MintedTokenCappedCrowdsaleExt SSP>>FN
PreITO STP>>FP
ListingsERC20 STP>>FP
FlatPricingExt SSP>>FN
Ico STP>>FP
PreSale STP>>FP
MarketBase SP>>FN
SaleClockAuction TS>>FN
SaleClockAuction SSP>>FP
BancorChanger SSP>>FN
PresalePool SSP>>FN
PresalePool STP>>FN
MintedTokenCappedCrowdsaleExt SSP>>FN
StarbaseCrowdsaleContractW STP>>FP
Crowdsale SSP>>FN
KingOfEthRoads SSP>>FN
KingOfEthRoads STP>>FN
Victory TS>>FN
Victory SSP>>FN
BwinToken SSP>>FN
BwinToken SP>>FN
Dice STP>>FP
StarbaseCrowdsale STP>>FP
E4Lava SP>>FN
XPAAssets SSP>>FN
se7en SSP>>FN
se7en SP>>FN
KeyTokenSale TS>>FN
FlatPricingExt SSP>>FN
CommonTokensale STP>>FP
NYXToken SSP>>FN
VendCrowdsale STP>>FP
ADXToken SSP>>FN
UBEX SSP>>FN
Altcoin SSP>>FN
CrowdsaleToken SSP>>FN
Crowdsale STP>>FP
FlatPricingExt SSP>>FN
DTCC_ILOW_6 SSP>>FN
AlbosToken SSP>>FN
Configurator STP>>FP
TranslatixToken STP>>FP
MonsterCore TS>>FN
MonsterCore SSP>>FN
MonsterCore STP>>FN
Vesting STP>>FP
CryptoPoliceProxy SSP>>FP
EtherRock STP>>FP
TokenSale SSP>>FP
RajTestICO SSP>>FN
RajTestICO STP>>FN
RajTestICO SP>>FN
TokenSaleAfterSplit STP>>FP
KnowTokenCrowdSale STP>>FP
ERC721dAppCaps SSP>>FN
MintedTokenCappedCrowdsaleExt SSP>>FN
MintedTokenCappedCrowdsaleExt SSP>>FN
VanityCrowdsale STP>>FN
SaleTracker STP>>FP
Crowdsale TS>>FN
Crowdsale STP>>FN
Accelerator SSP>>FN
WorldwideGiftCode SSP>>FN
EmissionProvider SP>>FN
PI_VOCC_II_P2 SSP>>FN
PI_VOCC_II_P2 STP>>FP
SIMPLECOIN SSP>>FN
SIMPLECOIN STP>>FN
SetherToken SSP>>FN
SetherToken SP>>FN
BetterAuction SSP>>FN
Allocator STP>>FP
MintedTokenCappedCrowdsaleExt SSP>>FN
MintedTokenCappedCrowdsaleExt SSP>>FN
MintedTokenCappedCrowdsaleExt STP>>FN
EtalonTokenPresale SSP>>FN
EtalonTokenPresale STP>>FN
EtalonTokenPresale SP>>FN
KratosPresale STP>>FP
GoTokenDutchAuction STP>>FP
ETXCrowdsale SP>>FN
BetOnMe SSP>>FN
SelfPayPreSale STP>>FP
Weko STP>>FP
FaradTokenSwap SSP>>FN
Ludcoin SSP>>FN
CandySale STP>>FP
PromotionCoinDistribution STP>>FP
test SSP>>FN
AfeliCoin SSP>>FN
KinesisVelocityToken SSP>>FN
BlockchainAirCrowdsale STP>>FP
MintedTokenCappedCrowdsaleExt SSP>>FN
EthereumLottery TS>>FN
EthereumLottery STP>>FN
EtherFundMeCrowdfunding STP>>FN
GStarCrowdsale STP>>FP
fastum SSP>>FN
fastum STP>>FN
Bitstocksmarket SSP>>FN
MyAdvancedToken SSP>>FN
TriggmineCrowdsale SSP>>FN
SNTPlaceHolder SSP>>FN
GameICO SSP>>FN
GameICO STP>>FN
UIWish SSP>>FN
GMBCToken STP>>FP
CryptoAngelCrowdsale STP>>FP
EthPlot STP>>FP
DMToken SSP>>FN
DMToken SP>>FN
NeuroChainClausius SSP>>FN
LightningQiwiToken SSP>>FN
MintedTokenCappedCrowdsaleExt SSP>>FN
MintedTokenCappedCrowdsaleExt STP>>FN
CryptoEngineer STP>>FP
TestToken STP>>FP
presale TS>>FN
MintedTokenCappedCrowdsaleExt SSP>>FN
TokenEscrow SSP>>FN
TokenEscrow STP>>FN
TokenEscrow SP>>FN
GlobalPaybackCoin SSP>>FN
GlobalPaybackCoin SP>>FN
Crowdsale STP>>FP
QVT SSP>>FN
KaasyToken SSP>>FN
OysterPearl SSP>>FN
Crowdsale STP>>FP
SalesManager STP>>FP
PrivateSale SSP>>FN
PrivateSale STP>>FP
LamdenTau SSP>>FN
Contribution STP>>FP
AngelTokensHolder SSP>>FN
FlatPricingExt SSP>>FN
MintedTokenCappedCrowdsaleExt SSP>>FN
FishbankBoosters SSP>>FN
PresaleFundCollector SSP>>FN
ItemToken STP>>FP
MintedTokenCappedCrowdsaleExt SSP>>FN
MintedTokenCappedCrowdsaleExt STP>>FN
DSTContract TS>>FN
DSTContract SSP>>FN
DSTContract STP>>FN
FlatPricingExt SSP>>FN
Circle SSP>>FN
LTE TS>>FN
KittenSelfDrop STP>>FP
KJC SSP>>FN
PreSale STP>>FP
IronHands SSP>>FN
IronHands STP>>FN
Crowdsale STP>>FP
UBEX SSP>>FN
ABECrowdsale SP>>FN
QwidsCrowdsaleToken SSP>>FN
FlCToken SSP>>FN
RICHToken SSP>>FN
DragonCrowdsale SSP>>FN
PreICOProxyBuyer SSP>>FN
CrowdSalePreICO TS>>FN
MintedTokenCappedCrowdsaleExt SSP>>FN
FlatPricingExt SSP>>FN
BeteventCrowdsale STP>>FP
PuppiesCore TS>>FN
PuppiesCore SSP>>FN
PeaceToken STP>>FP
ReputationToken SSP>>FN
TrypCrowdsale SSP>>FN
Exchange STP>>FN
PI_FGRA_P2 SSP>>FN
PI_FGRA_P2 STP>>FP
NANO SSP>>FN
Synth TS>>FN
Synth SSP>>FN
PassiveToken SSP>>FN
WizzleInfinityTokenCrowdsale STP>>FP
MintedTokenCappedCrowdsaleExt SSP>>FN
MintedTokenCappedCrowdsaleExt STP>>FN
KATMCrowdsale STP>>FP
TokenSale STP>>FP
CrowdsaleMinter SSP>>FN
BullsFarmer SSP>>FN
error   Epiphany
Epiphany SSP>>FN
MintedTokenCappedCrowdsaleExt SSP>>FN
MintedTokenCappedCrowdsaleExt STP>>FN
NSD SSP>>FN
CellCrowdsale STP>>FP
LLV_48_1 SSP>>FN
LuckchemyToken SSP>>FN
DutchAuction STP>>FP
TootyrCrowdSale SSP>>FN
FlatPricingExt SSP>>FN
ItemMarket SSP>>FN
EthWuxia SSP>>FN
PresaleFund SSP>>FP
PlaakPreSale STP>>FP
Asset SSP>>FN
Moozicore STP>>FP
Treasury SSP>>FN
WashCrowdsale TS>>FN
FlatPricingExt SSP>>FN
MintedTokenCappedCrowdsaleExt SSP>>FN
