    
TS>>> 26 22 464 3 4
SSP>>> 375 229 110 8 146
STP>>> 86 57 321 86 29
SP>>> 29 10 464 0 19
running time: 185.54953622817993 s


TS>>> 26 22 464 3 4
SSP>>> 375 273 110 8 102
STP>>> 86 63 321 86 23
SP>>> 29 17 450 14 12
running time: 196.64439153671265 s





检测思路

1.分离未被依赖的合约()

2.基于未被依赖的合约分析其AST树 找到关键的模式 不去分析字节码



运行结果

TS>>> 26 22 464 3 4
SSP>>> 375 275 110 8 102
STP>>> 86 63 321 86 23
SP>>> 29 17 450 14 12
FT>>> 18 17 462 13 1
running time: 246.87675380706787 s

FP FN 原因
基本都是误标：

0x109f913c33f3b15023b36714caa2be6c0daded01 FT>>FN 误标

0x1e7b7f330da785ef66e33503fd93380137a9be7b FT>>FP 误标
0x323a60675142021adc78b147c72d479de923f4a5 FT>>FP 误标

特殊情况要不要考虑 
1.  .call.value(1 ether).gas(10000 wei)
2.  转账的关键操作不在 expresssion statement  比如 if(addr.send(amount)) 
